<?xml version="1.0" encoding="UTF-8"?>
<!-- Generated by org.testng.reporters.JUnitReportReporter -->
<testsuite hostname="PLP-LTCHORZ-LT" name="testPack.AddVideoTest" tests="2" failures="0" timestamp="1 Feb 2016 09:25:44 GMT" time="148.650" errors="0">
  <testcase name="testAddVideo" time="75.321" classname="testPack.AddVideoTest"/>
  <testcase name="testAddVideo" time="73.329" classname="testPack.AddVideoTest"/>
</testsuite> <!-- testPack.AddVideoTest -->
