<?xml version="1.0" encoding="UTF-8"?>
<!-- Generated by org.testng.reporters.JUnitReportReporter -->
<testsuite hostname="PLP-LTCHORZ-LT" name="testPack.LoginTest" tests="2" failures="0" timestamp="1 Feb 2016 08:23:34 GMT" time="68.908" errors="0">
  <testcase name="testLogin" time="29.434" classname="testPack.LoginTest"/>
  <testcase name="testLogin" time="39.474" classname="testPack.LoginTest"/>
</testsuite> <!-- testPack.LoginTest -->
